Build started 09/03/2014 21:27:35.
     1>Project "c:\Users\mr ibrahim akoji\documents\visual studio 2013\Projects\Ibrahim\Ibrahim\Ibrahim.vcxproj" on node 2 (Build target(s)).
     1>ClCompile:
         C:\Program Files (x86)\Microsoft Visual Studio 12.0\VC\bin\CL.exe /c /ZI /nologo /W3 /WX- /sdl /Od /Oy- /D _MBCS /Gm /EHsc /RTC1 /MDd /GS /fp:precise /Zc:wchar_t /Zc:forScope /Fo"Debug\\" /Fd"Debug\vc120.pdb" /Gd /TP /analyze- /errorReport:prompt Source.cpp
         Source.cpp
     1>c:\users\mr ibrahim akoji\documents\visual studio 2013\projects\ibrahim\ibrahim\source.cpp(19): error C2371: 'ibrahim' : redefinition; different basic types
                 c:\users\mr ibrahim akoji\documents\visual studio 2013\projects\ibrahim\ibrahim\source.cpp(14) : see declaration of 'ibrahim'
     1>c:\users\mr ibrahim akoji\documents\visual studio 2013\projects\ibrahim\ibrahim\source.cpp(19): error C2371: 'tung' : redefinition; different basic types
                 c:\users\mr ibrahim akoji\documents\visual studio 2013\projects\ibrahim\ibrahim\source.cpp(14) : see declaration of 'tung'
     1>c:\users\mr ibrahim akoji\documents\visual studio 2013\projects\ibrahim\ibrahim\source.cpp(19): error C2371: 'john' : redefinition; different basic types
                 c:\users\mr ibrahim akoji\documents\visual studio 2013\projects\ibrahim\ibrahim\source.cpp(14) : see declaration of 'john'
     1>c:\users\mr ibrahim akoji\documents\visual studio 2013\projects\ibrahim\ibrahim\source.cpp(24): error C2371: 'ibrahim' : redefinition; different basic types
                 c:\users\mr ibrahim akoji\documents\visual studio 2013\projects\ibrahim\ibrahim\source.cpp(14) : see declaration of 'ibrahim'
     1>c:\users\mr ibrahim akoji\documents\visual studio 2013\projects\ibrahim\ibrahim\source.cpp(24): error C2371: 'tung' : redefinition; different basic types
                 c:\users\mr ibrahim akoji\documents\visual studio 2013\projects\ibrahim\ibrahim\source.cpp(14) : see declaration of 'tung'
     1>c:\users\mr ibrahim akoji\documents\visual studio 2013\projects\ibrahim\ibrahim\source.cpp(24): error C2371: 'john' : redefinition; different basic types
                 c:\users\mr ibrahim akoji\documents\visual studio 2013\projects\ibrahim\ibrahim\source.cpp(14) : see declaration of 'john'
     1>Done Building Project "c:\Users\mr ibrahim akoji\documents\visual studio 2013\Projects\Ibrahim\Ibrahim\Ibrahim.vcxproj" (Build target(s)) -- FAILED.

Build FAILED.

Time Elapsed 00:00:05.25
